<?xml version="1.0" encoding="UTF-8"?>
<testng-results ignored="0" total="1" passed="1" failed="0" skipped="0">
  <reporter-output>
  </reporter-output>
  <suite started-at="2024-09-05T16:48:07 GMT-04:00" name="Default suite" finished-at="2024-09-05T16:48:27 GMT-04:00" duration-ms="19333">
    <groups>
    </groups>
    <test started-at="2024-09-05T16:48:07 GMT-04:00" name="Default test" finished-at="2024-09-05T16:48:27 GMT-04:00" duration-ms="19333">
      <class name="Sivaprojhect.Basictest">
        <test-method signature="secondmethod()[pri:0, instance:Sivaprojhect.Basictest@1a942c18]" started-at="2024-09-05T16:48:07 GMT-04:00" name="secondmethod" finished-at="2024-09-05T16:48:27 GMT-04:00" duration-ms="19269" status="PASS">
          <reporter-output>
          </reporter-output>
        </test-method> <!-- secondmethod -->
      </class> <!-- Sivaprojhect.Basictest -->
    </test> <!-- Default test -->
  </suite> <!-- Default suite -->
</testng-results>
